Using pre-set license
Built from '2021.1/staging' branch; Version is '2021.1.2f1 (e5d502d80fbb) revision 15062274'; Using compiler version '192528614'; Build Type 'Release'
OS: 'Windows 10 Home Single Language; OS build 19044.1766; Version 2009; 64bit' Language: 'tr' Physical Memory: 8075 MB
BatchMode: 1, IsHumanControllingUs: 0, StartBugReporterOnCrash: 0, Is64bit: 1, IsPro: 0

 COMMAND LINE ARGUMENTS:
C:\Program Files\Unity\Hub\Editor\2021.1.2f1\Editor\Unity.exe
-adb2
-batchMode
-noUpm
-name
AssetImportWorker0
-projectPath
C:/Users/mertc/OneDrive/Masaüstü/YAPILAN OYUNLAR/MB-PONG sonuncu/MB-PONG son/MB-PONG son/MB-PONG banner2/MB-PONG banner2/MB-PONG/MB-PONG_2 Mert Sonuncu
-logFile
Logs/AssetImportWorker0.log
-srvPort
61096
Successfully changed project path to: C:/Users/mertc/OneDrive/Masaüstü/YAPILAN OYUNLAR/MB-PONG sonuncu/MB-PONG son/MB-PONG son/MB-PONG banner2/MB-PONG banner2/MB-PONG/MB-PONG_2 Mert Sonuncu
C:/Users/mertc/OneDrive/Masaüstü/YAPILAN OYUNLAR/MB-PONG sonuncu/MB-PONG son/MB-PONG son/MB-PONG banner2/MB-PONG banner2/MB-PONG/MB-PONG_2 Mert Sonuncu
Using Asset Import Pipeline V2.
Refreshing native plugins compatible for Editor in 240.63 ms, found 2 plugins.
Preloading 0 native plugins for Editor in 0.00 ms.
Initialize engine version: 2021.1.2f1 (e5d502d80fbb)
[Subsystems] Discovering subsystems at path C:/Program Files/Unity/Hub/Editor/2021.1.2f1/Editor/Data/Resources/UnitySubsystems
[Subsystems] Discovering subsystems at path C:/Users/mertc/OneDrive/Masaüstü/YAPILAN OYUNLAR/MB-PONG sonuncu/MB-PONG son/MB-PONG son/MB-PONG banner2/MB-PONG banner2/MB-PONG/MB-PONG_2 Mert Sonuncu/Assets
GfxDevice: creating device client; threaded=0; jobified=0
Direct3D:
    Version:  Direct3D 11.0 [level 11.0]
    Renderer: NVIDIA GeForce GT 720M (ID=0x1140)
    Vendor:   NVIDIA
    VRAM:     1990 MB
    Driver:   23.21.13.9135
Invalid texture used for cursor - check importer settings or texture creation. Texture must be RGBA32, readable, have alphaIsTransparency enabled and have no mip chain.

Failed to set the cursor because the specified texture ('Logo 512') was not CPU accessible.

Initialize mono
Mono path[0] = 'C:/Program Files/Unity/Hub/Editor/2021.1.2f1/Editor/Data/Managed'
Mono path[1] = 'C:/Program Files/Unity/Hub/Editor/2021.1.2f1/Editor/Data/MonoBleedingEdge/lib/mono/unityjit'
Mono config path = 'C:/Program Files/Unity/Hub/Editor/2021.1.2f1/Editor/Data/MonoBleedingEdge/etc'
Using monoOptions --debugger-agent=transport=dt_socket,embedding=1,server=y,suspend=n,address=127.0.0.1:56216
Begin MonoManager ReloadAssembly
Registering precompiled unity dll's ...
Register platform support module: C:/Program Files/Unity/Hub/Editor/2021.1.2f1/Editor/Data/PlaybackEngines/WindowsStandaloneSupport/UnityEditor.WindowsStandalone.Extensions.dll
Registered in 0.005031 seconds.
Native extension for WindowsStandalone target not found
Refreshing native plugins compatible for Editor in 179.30 ms, found 2 plugins.
Preloading 0 native plugins for Editor in 0.00 ms.
Mono: successfully reloaded assembly
- Completed reload, in  3.566 seconds
Platform modules already initialized, skipping
Registering precompiled user dll's ...
Registered in 0.013457 seconds.
Begin MonoManager ReloadAssembly
Native extension for WindowsStandalone target not found
Refreshing native plugins compatible for Editor in 152.73 ms, found 2 plugins.
Preloading 0 native plugins for Editor in 0.00 ms.
Mono: successfully reloaded assembly
- Completed reload, in  1.905 seconds
Platform modules already initialized, skipping
========================================================================
Worker process is ready to serve import requests
Launched and connected shader compiler UnityShaderCompiler.exe after 0.08 seconds
Refreshing native plugins compatible for Editor in 1.75 ms, found 2 plugins.
Preloading 0 native plugins for Editor in 0.00 ms.
Unloading 3459 Unused Serialized files (Serialized files now loaded: 0)
System memory in use before: 134.1 MB.
System memory in use after: 134.1 MB.

Unloading 53 unused Assets to reduce memory usage. Loaded Objects now: 3907.
Total: 4.071200 ms (FindLiveObjects: 0.442100 ms CreateObjectMapping: 0.328400 ms MarkObjects: 3.085700 ms  DeleteObjects: 0.213000 ms)

========================================================================
Received Import Request.
  path: Assets/Scripts/Blok_1.cs
  artifactKey: Guid(d7c54f0cd1eb5a34b847c30368ca08bc) Importer(815301076,1909f56bfc062723c751e8b465ee728b)
Start importing Assets/Scripts/Blok_1.cs using Guid(d7c54f0cd1eb5a34b847c30368ca08bc) Importer(815301076,1909f56bfc062723c751e8b465ee728b)  -> (artifact id: 'dd47a932c52d401ddbd409ae11432019') in 0.091244 seconds 
========================================================================
Received Import Request.
  Time since last request: 12.327862 seconds.
  path: Assets/Scripts/Player.cs
  artifactKey: Guid(3adb3b8bbbaf21c4d82acd6abb0f4d7a) Importer(815301076,1909f56bfc062723c751e8b465ee728b)
Start importing Assets/Scripts/Player.cs using Guid(3adb3b8bbbaf21c4d82acd6abb0f4d7a) Importer(815301076,1909f56bfc062723c751e8b465ee728b)  -> (artifact id: '48e43f03e19f5e525ad41a8c8d56b0cf') in 0.012055 seconds 
========================================================================
Received Prepare
Registering precompiled user dll's ...
Registered in 0.012053 seconds.
Begin MonoManager ReloadAssembly
Native extension for WindowsStandalone target not found
Refreshing native plugins compatible for Editor in 1.00 ms, found 2 plugins.
Preloading 0 native plugins for Editor in 0.00 ms.
Mono: successfully reloaded assembly
- Completed reload, in  1.445 seconds
Platform modules already initialized, skipping
Switching build target platform(19) subTarget(0) extendedPlatform(0) -> platform(13) subTarget(537395200) extendedPlatform(0)
Refreshing native plugins compatible for Editor in 1.51 ms, found 2 plugins.
Preloading 0 native plugins for Editor in 0.00 ms.
Unloading 3443 Unused Serialized files (Serialized files now loaded: 0)
System memory in use before: 132.9 MB.
System memory in use after: 133.0 MB.

Unloading 41 unused Assets to reduce memory usage. Loaded Objects now: 3911.
Total: 4.150900 ms (FindLiveObjects: 0.455300 ms CreateObjectMapping: 0.371500 ms MarkObjects: 3.166300 ms  DeleteObjects: 0.156200 ms)

AssetImportParameters requested are different than current active one (requested -> active):
  custom:graphics/normal-map-encoding: 01000000000000000000000000000000 -> 02000000000000000000000000000000
AssetImportWorkerClient::OnTransportError - code=2 error=End of file
